[0810/101955:ERROR:gl_surface_egl.cc(133)] eglInitialize failed with error UNKNOWN
[0810/101955:ERROR:gl_surface_win.cc(97)] GLSurfaceEGL::InitializeOneOff failed.
[0810/102006:ERROR:renderer_main.cc(226)] Running without renderer sandbox
[0810/102006:ERROR:renderer_main.cc(226)] Running without renderer sandbox
[0810/102006:ERROR:renderer_main.cc(226)] Running without renderer sandbox
[0810/102007:INFO:dhcp_proxy_script_adapter_fetcher_win.cc(264)] Error fetching PAC URL from DHCP: 2
[0810/102007:INFO:dhcp_proxy_script_adapter_fetcher_win.cc(264)] Error fetching PAC URL from DHCP: 2
[0810/102007:INFO:dhcp_proxy_script_adapter_fetcher_win.cc(264)] Error fetching PAC URL from DHCP: 2
[0810/102008:INFO:CONSOLE(1)] "Uncaught TypeError: Cannot call method 'appendChild' of undefined", source: v8/appCss (1)
[0810/102009:INFO:CONSOLE(0)] "event.returnValue is deprecated. Please use the standard event.preventDefault() instead.", source:  (0)
[0810/102016:INFO:dhcp_proxy_script_adapter_fetcher_win.cc(264)] Error fetching PAC URL from DHCP: 2
[0810/102016:INFO:dhcp_proxy_script_adapter_fetcher_win.cc(264)] Error fetching PAC URL from DHCP: 2
[0810/102016:INFO:dhcp_proxy_script_adapter_fetcher_win.cc(264)] Error fetching PAC URL from DHCP: 2
[0810/102356:INFO:CONSOLE(1)] "ReferenceError: EdgeDOM is not defined
    at eval (eval at <anonymous> (about:blank:0:45), <anonymous>:1:7)
    at about:blank:0:45", source:  (1)
[0810/102356:ERROR:renderer_main.cc(226)] Running without renderer sandbox
[0810/102356:INFO:dhcp_proxy_script_adapter_fetcher_win.cc(264)] Error fetching PAC URL from DHCP: 2
[0810/102356:INFO:dhcp_proxy_script_adapter_fetcher_win.cc(264)] Error fetching PAC URL from DHCP: 2
[0810/102356:INFO:dhcp_proxy_script_adapter_fetcher_win.cc(264)] Error fetching PAC URL from DHCP: 2
[0810/102852:INFO:dhcp_proxy_script_adapter_fetcher_win.cc(264)] Error fetching PAC URL from DHCP: 2
[0810/102852:INFO:dhcp_proxy_script_adapter_fetcher_win.cc(264)] Error fetching PAC URL from DHCP: 2
[0810/102852:INFO:dhcp_proxy_script_adapter_fetcher_win.cc(264)] Error fetching PAC URL from DHCP: 2
[0810/103511:INFO:CONSOLE(1)] "ReferenceError: EdgeDOM is not defined
    at eval (eval at <anonymous> (about:blank:0:45), <anonymous>:1:7)
    at about:blank:0:47", source:  (1)
[0810/103511:ERROR:renderer_main.cc(226)] Running without renderer sandbox
[0810/104936:INFO:CONSOLE(1)] "ReferenceError: EdgeDOM is not defined
    at eval (eval at <anonymous> (about:blank:0:45), <anonymous>:1:7)
    at about:blank:0:47", source:  (1)
[0810/104936:ERROR:renderer_main.cc(226)] Running without renderer sandbox
[0810/125739:INFO:CONSOLE(1)] "ReferenceError: EdgeDOM is not defined
    at eval (eval at <anonymous> (about:blank:0:45), <anonymous>:1:7)
    at about:blank:0:47", source:  (1)
[0810/125740:ERROR:renderer_main.cc(226)] Running without renderer sandbox
[0810/135401:INFO:dhcp_proxy_script_adapter_fetcher_win.cc(264)] Error fetching PAC URL from DHCP: 2
[0810/135401:INFO:dhcp_proxy_script_adapter_fetcher_win.cc(264)] Error fetching PAC URL from DHCP: 2
[0810/135401:INFO:dhcp_proxy_script_adapter_fetcher_win.cc(264)] Error fetching PAC URL from DHCP: 2
[0810/135410:INFO:dhcp_proxy_script_adapter_fetcher_win.cc(264)] Error fetching PAC URL from DHCP: 2
[0810/135410:INFO:dhcp_proxy_script_adapter_fetcher_win.cc(264)] Error fetching PAC URL from DHCP: 2
[0810/135410:INFO:dhcp_proxy_script_adapter_fetcher_win.cc(264)] Error fetching PAC URL from DHCP: 2
[0810/140045:INFO:dhcp_proxy_script_adapter_fetcher_win.cc(264)] Error fetching PAC URL from DHCP: 2
[0810/140045:INFO:dhcp_proxy_script_adapter_fetcher_win.cc(264)] Error fetching PAC URL from DHCP: 2
[0810/141135:INFO:dhcp_proxy_script_adapter_fetcher_win.cc(264)] Error fetching PAC URL from DHCP: 2
[0810/141135:INFO:dhcp_proxy_script_adapter_fetcher_win.cc(264)] Error fetching PAC URL from DHCP: 2
[0810/141144:WARNING:dns_config_service_win.cc(653)] Failed to read DnsConfig.
[0810/141145:WARNING:dns_config_service_win.cc(653)] Failed to read DnsConfig.
[0810/141146:WARNING:dns_config_service_win.cc(653)] Failed to read DnsConfig.
[0810/141147:INFO:dhcp_proxy_script_adapter_fetcher_win.cc(264)] Error fetching PAC URL from DHCP: 2
[0810/141147:INFO:dhcp_proxy_script_adapter_fetcher_win.cc(264)] Error fetching PAC URL from DHCP: 2
[0810/141147:INFO:dhcp_proxy_script_adapter_fetcher_win.cc(264)] Error fetching PAC URL from DHCP: 2
[0810/141149:WARNING:dns_config_service_win.cc(653)] Failed to read DnsConfig.
[0810/141150:INFO:dhcp_proxy_script_adapter_fetcher_win.cc(264)] Error fetching PAC URL from DHCP: 2
[0810/141150:INFO:dhcp_proxy_script_adapter_fetcher_win.cc(264)] Error fetching PAC URL from DHCP: 2
[0810/141150:INFO:dhcp_proxy_script_adapter_fetcher_win.cc(264)] Error fetching PAC URL from DHCP: 2
[0810/141150:WARNING:dns_config_service_win.cc(653)] Failed to read DnsConfig.
[0810/141151:WARNING:dns_config_service_win.cc(653)] Failed to read DnsConfig.
[0810/141154:WARNING:dns_config_service_win.cc(653)] Failed to read DnsConfig.
[0810/141155:WARNING:dns_config_service_win.cc(653)] Failed to read DnsConfig.
[0810/141156:WARNING:dns_config_service_win.cc(653)] Failed to read DnsConfig.
[0810/141158:WARNING:dns_config_service_win.cc(653)] Failed to read DnsConfig.
[0810/141159:INFO:dhcp_proxy_script_adapter_fetcher_win.cc(264)] Error fetching PAC URL from DHCP: 2
[0810/141159:INFO:dhcp_proxy_script_adapter_fetcher_win.cc(264)] Error fetching PAC URL from DHCP: 2
[0810/141159:INFO:dhcp_proxy_script_adapter_fetcher_win.cc(264)] Error fetching PAC URL from DHCP: 2
[0810/141159:WARNING:dns_config_service_win.cc(653)] Failed to read DnsConfig.
[0810/141200:WARNING:dns_config_service_win.cc(653)] Failed to read DnsConfig.
[0810/141201:WARNING:dns_config_service_win.cc(653)] Failed to read DnsConfig.
[0810/141203:WARNING:dns_config_service_win.cc(653)] Failed to read DnsConfig.
[0810/141204:WARNING:dns_config_service_win.cc(653)] Failed to read DnsConfig.
[0810/141205:WARNING:dns_config_service_win.cc(653)] Failed to read DnsConfig.
[0810/141206:WARNING:dns_config_service_win.cc(653)] Failed to read DnsConfig.
[0810/141208:WARNING:dns_config_service_win.cc(653)] Failed to read DnsConfig.
[0810/141209:WARNING:dns_config_service_win.cc(653)] Failed to read DnsConfig.
[0810/141210:WARNING:dns_config_service_win.cc(653)] Failed to read DnsConfig.
[0810/141211:WARNING:dns_config_service_win.cc(653)] Failed to read DnsConfig.
[0810/141213:WARNING:dns_config_service_win.cc(653)] Failed to read DnsConfig.
[0810/141214:WARNING:dns_config_service_win.cc(653)] Failed to read DnsConfig.
[0810/141215:WARNING:dns_config_service_win.cc(653)] Failed to read DnsConfig.
[0810/141216:WARNING:dns_config_service_win.cc(653)] Failed to read DnsConfig.
[0810/141218:WARNING:dns_config_service_win.cc(653)] Failed to read DnsConfig.
[0810/141218:WARNING:dns_config_service_win.cc(653)] Failed to read DnsConfig.
[0810/141219:WARNING:dns_config_service_win.cc(653)] Failed to read DnsConfig.
[0810/141220:WARNING:dns_config_service_win.cc(653)] Failed to read DnsConfig.
[0810/141221:WARNING:dns_config_service_win.cc(653)] Failed to read DnsConfig.
[0810/141223:WARNING:dns_config_service_win.cc(653)] Failed to read DnsConfig.
[0810/141223:WARNING:dns_config_service_win.cc(653)] Failed to read DnsConfig.
[0810/141224:WARNING:dns_config_service_win.cc(653)] Failed to read DnsConfig.
[0810/141225:WARNING:dns_config_service_win.cc(653)] Failed to read DnsConfig.
[0810/141226:WARNING:dns_config_service_win.cc(653)] Failed to read DnsConfig.
[0810/141228:WARNING:dns_config_service_win.cc(653)] Failed to read DnsConfig.
[0810/141229:WARNING:dns_config_service_win.cc(653)] Failed to read DnsConfig.
[0810/141229:WARNING:dns_config_service_win.cc(653)] Failed to read DnsConfig.
[0810/141230:WARNING:dns_config_service_win.cc(653)] Failed to read DnsConfig.
[0810/141231:WARNING:dns_config_service_win.cc(653)] Failed to read DnsConfig.
[0810/141233:WARNING:dns_config_service_win.cc(653)] Failed to read DnsConfig.
[0810/141234:WARNING:dns_config_service_win.cc(653)] Failed to read DnsConfig.
[0810/141234:WARNING:dns_config_service_win.cc(653)] Failed to read DnsConfig.
[0810/141235:WARNING:dns_config_service_win.cc(653)] Failed to read DnsConfig.
[0810/141236:WARNING:dns_config_service_win.cc(653)] Failed to read DnsConfig.
[0810/141238:WARNING:dns_config_service_win.cc(653)] Failed to read DnsConfig.
[0810/141239:WARNING:dns_config_service_win.cc(653)] Failed to read DnsConfig.
[0810/141239:WARNING:dns_config_service_win.cc(653)] Failed to read DnsConfig.
[0810/141240:WARNING:dns_config_service_win.cc(653)] Failed to read DnsConfig.
[0810/141241:WARNING:dns_config_service_win.cc(653)] Failed to read DnsConfig.
[0810/141243:WARNING:dns_config_service_win.cc(653)] Failed to read DnsConfig.
[0810/141244:WARNING:dns_config_service_win.cc(653)] Failed to read DnsConfig.
[0810/141244:WARNING:dns_config_service_win.cc(653)] Failed to read DnsConfig.
[0810/141245:WARNING:dns_config_service_win.cc(653)] Failed to read DnsConfig.
[0810/141246:WARNING:dns_config_service_win.cc(653)] Failed to read DnsConfig.
[0810/141248:WARNING:dns_config_service_win.cc(653)] Failed to read DnsConfig.
[0810/141249:WARNING:dns_config_service_win.cc(653)] Failed to read DnsConfig.
[0810/141249:WARNING:dns_config_service_win.cc(653)] Failed to read DnsConfig.
[0810/141250:WARNING:dns_config_service_win.cc(653)] Failed to read DnsConfig.
[0810/141251:WARNING:dns_config_service_win.cc(653)] Failed to read DnsConfig.
[0810/141253:WARNING:dns_config_service_win.cc(653)] Failed to read DnsConfig.
[0810/141254:WARNING:dns_config_service_win.cc(653)] Failed to read DnsConfig.
[0810/141254:WARNING:dns_config_service_win.cc(653)] Failed to read DnsConfig.
[0810/141255:WARNING:dns_config_service_win.cc(653)] Failed to read DnsConfig.
[0810/141256:WARNING:dns_config_service_win.cc(653)] Failed to read DnsConfig.
[0810/141258:WARNING:dns_config_service_win.cc(653)] Failed to read DnsConfig.
[0810/141259:WARNING:dns_config_service_win.cc(653)] Failed to read DnsConfig.
[0810/141259:WARNING:dns_config_service_win.cc(653)] Failed to read DnsConfig.
[0810/141300:WARNING:dns_config_service_win.cc(653)] Failed to read DnsConfig.
[0810/141301:WARNING:dns_config_service_win.cc(653)] Failed to read DnsConfig.
[0810/141303:WARNING:dns_config_service_win.cc(653)] Failed to read DnsConfig.
[0810/141304:WARNING:dns_config_service_win.cc(653)] Failed to read DnsConfig.
[0810/141304:WARNING:dns_config_service_win.cc(653)] Failed to read DnsConfig.
[0810/141305:WARNING:dns_config_service_win.cc(653)] Failed to read DnsConfig.
[0810/141306:WARNING:dns_config_service_win.cc(653)] Failed to read DnsConfig.
[0810/141308:WARNING:dns_config_service_win.cc(653)] Failed to read DnsConfig.
[0810/141309:WARNING:dns_config_service_win.cc(653)] Failed to read DnsConfig.
[0810/141309:WARNING:dns_config_service_win.cc(653)] Failed to read DnsConfig.
[0810/141310:WARNING:dns_config_service_win.cc(653)] Failed to read DnsConfig.
[0810/141311:WARNING:dns_config_service_win.cc(653)] Failed to read DnsConfig.
[0810/141313:WARNING:dns_config_service_win.cc(653)] Failed to read DnsConfig.
[0810/141314:WARNING:dns_config_service_win.cc(653)] Failed to read DnsConfig.
[0810/141314:WARNING:dns_config_service_win.cc(653)] Failed to read DnsConfig.
[0810/141315:WARNING:dns_config_service_win.cc(653)] Failed to read DnsConfig.
[0810/141316:WARNING:dns_config_service_win.cc(653)] Failed to read DnsConfig.
[0810/141318:WARNING:dns_config_service_win.cc(653)] Failed to read DnsConfig.
[0810/141318:WARNING:dns_config_service_win.cc(653)] Failed to read DnsConfig.
[0810/141319:WARNING:dns_config_service_win.cc(653)] Failed to read DnsConfig.
[0810/141319:WARNING:dns_config_service_win.cc(653)] Failed to read DnsConfig.
[0810/141320:WARNING:dns_config_service_win.cc(653)] Failed to read DnsConfig.
[0810/141321:WARNING:dns_config_service_win.cc(653)] Failed to read DnsConfig.
[0810/141323:WARNING:dns_config_service_win.cc(653)] Failed to read DnsConfig.
[0810/141323:WARNING:dns_config_service_win.cc(653)] Failed to read DnsConfig.
[0810/141324:WARNING:dns_config_service_win.cc(653)] Failed to read DnsConfig.
[0810/141324:WARNING:dns_config_service_win.cc(653)] Failed to read DnsConfig.
[0810/141325:WARNING:dns_config_service_win.cc(653)] Failed to read DnsConfig.
[0810/141326:WARNING:dns_config_service_win.cc(653)] Failed to read DnsConfig.
[0810/141328:WARNING:dns_config_service_win.cc(653)] Failed to read DnsConfig.
[0810/141328:WARNING:dns_config_service_win.cc(653)] Failed to read DnsConfig.
[0810/141329:WARNING:dns_config_service_win.cc(653)] Failed to read DnsConfig.
[0810/141329:WARNING:dns_config_service_win.cc(653)] Failed to read DnsConfig.
[0810/141329:WARNING:dns_config_service_win.cc(653)] Failed to read DnsConfig.
[0810/141330:WARNING:dns_config_service_win.cc(653)] Failed to read DnsConfig.
[0810/141331:WARNING:dns_config_service_win.cc(653)] Failed to read DnsConfig.
[0810/141333:WARNING:dns_config_service_win.cc(653)] Failed to read DnsConfig.
[0810/141333:WARNING:dns_config_service_win.cc(653)] Failed to read DnsConfig.
[0810/141334:WARNING:dns_config_service_win.cc(653)] Failed to read DnsConfig.
[0810/141334:WARNING:dns_config_service_win.cc(653)] Failed to read DnsConfig.
[0810/141334:WARNING:dns_config_service_win.cc(653)] Failed to read DnsConfig.
[0810/141335:WARNING:dns_config_service_win.cc(653)] Failed to read DnsConfig.
[0810/141336:WARNING:dns_config_service_win.cc(653)] Failed to read DnsConfig.
[0810/141338:WARNING:dns_config_service_win.cc(653)] Failed to read DnsConfig.
[0810/141338:WARNING:dns_config_service_win.cc(653)] Failed to read DnsConfig.
[0810/141339:WARNING:dns_config_service_win.cc(653)] Failed to read DnsConfig.
[0810/141339:WARNING:dns_config_service_win.cc(653)] Failed to read DnsConfig.
[0810/141339:WARNING:dns_config_service_win.cc(653)] Failed to read DnsConfig.
[0810/141340:WARNING:dns_config_service_win.cc(653)] Failed to read DnsConfig.
[0810/141341:WARNING:dns_config_service_win.cc(653)] Failed to read DnsConfig.
[0810/141343:WARNING:dns_config_service_win.cc(653)] Failed to read DnsConfig.
[0810/141343:WARNING:dns_config_service_win.cc(653)] Failed to read DnsConfig.
[0810/141344:WARNING:dns_config_service_win.cc(653)] Failed to read DnsConfig.
[0810/141344:WARNING:dns_config_service_win.cc(653)] Failed to read DnsConfig.
[0810/141344:WARNING:dns_config_service_win.cc(653)] Failed to read DnsConfig.
[0810/141345:WARNING:dns_config_service_win.cc(653)] Failed to read DnsConfig.
[0810/141346:WARNING:dns_config_service_win.cc(653)] Failed to read DnsConfig.
[0810/141348:WARNING:dns_config_service_win.cc(653)] Failed to read DnsConfig.
[0810/141348:WARNING:dns_config_service_win.cc(653)] Failed to read DnsConfig.
[0810/141349:WARNING:dns_config_service_win.cc(653)] Failed to read DnsConfig.
[0810/141349:WARNING:dns_config_service_win.cc(653)] Failed to read DnsConfig.
[0810/141349:WARNING:dns_config_service_win.cc(653)] Failed to read DnsConfig.
[0810/141350:WARNING:dns_config_service_win.cc(653)] Failed to read DnsConfig.
[0810/141351:WARNING:dns_config_service_win.cc(653)] Failed to read DnsConfig.
[0810/141353:WARNING:dns_config_service_win.cc(653)] Failed to read DnsConfig.
[0810/141353:WARNING:dns_config_service_win.cc(653)] Failed to read DnsConfig.
[0810/141354:WARNING:dns_config_service_win.cc(653)] Failed to read DnsConfig.
[0810/141354:WARNING:dns_config_service_win.cc(653)] Failed to read DnsConfig.
[0810/141354:WARNING:dns_config_service_win.cc(653)] Failed to read DnsConfig.
[0810/141355:WARNING:dns_config_service_win.cc(653)] Failed to read DnsConfig.
[0810/141356:WARNING:dns_config_service_win.cc(653)] Failed to read DnsConfig.
[0810/141358:WARNING:dns_config_service_win.cc(653)] Failed to read DnsConfig.
[0810/141358:WARNING:dns_config_service_win.cc(653)] Failed to read DnsConfig.
[0810/141359:WARNING:dns_config_service_win.cc(653)] Failed to read DnsConfig.
[0810/141359:WARNING:dns_config_service_win.cc(653)] Failed to read DnsConfig.
[0810/141400:WARNING:dns_config_service_win.cc(653)] Failed to read DnsConfig.
[0810/141401:WARNING:dns_config_service_win.cc(653)] Failed to read DnsConfig.
[0810/141401:WARNING:dns_config_service_win.cc(653)] Failed to read DnsConfig.
[0810/141403:WARNING:dns_config_service_win.cc(653)] Failed to read DnsConfig.
[0810/141403:WARNING:dns_config_service_win.cc(653)] Failed to read DnsConfig.
[0810/141404:WARNING:dns_config_service_win.cc(653)] Failed to read DnsConfig.
[0810/141404:WARNING:dns_config_service_win.cc(653)] Failed to read DnsConfig.
[0810/141405:WARNING:dns_config_service_win.cc(653)] Failed to read DnsConfig.
[0810/141406:WARNING:dns_config_service_win.cc(653)] Failed to read DnsConfig.
[0810/141406:WARNING:dns_config_service_win.cc(653)] Failed to read DnsConfig.
[0810/141408:WARNING:dns_config_service_win.cc(653)] Failed to read DnsConfig.
[0810/141408:WARNING:dns_config_service_win.cc(653)] Failed to read DnsConfig.
[0810/141409:WARNING:dns_config_service_win.cc(653)] Failed to read DnsConfig.
[0810/141409:WARNING:dns_config_service_win.cc(653)] Failed to read DnsConfig.
[0810/141410:WARNING:dns_config_service_win.cc(653)] Failed to read DnsConfig.
[0810/141411:WARNING:dns_config_service_win.cc(653)] Failed to read DnsConfig.
[0810/141411:WARNING:dns_config_service_win.cc(653)] Failed to read DnsConfig.
[0810/141413:WARNING:dns_config_service_win.cc(653)] Failed to read DnsConfig.
[0810/141413:WARNING:dns_config_service_win.cc(653)] Failed to read DnsConfig.
[0810/141414:WARNING:dns_config_service_win.cc(653)] Failed to read DnsConfig.
[0810/141414:WARNING:dns_config_service_win.cc(653)] Failed to read DnsConfig.
[0810/141415:WARNING:dns_config_service_win.cc(653)] Failed to read DnsConfig.
[0810/141416:WARNING:dns_config_service_win.cc(653)] Failed to read DnsConfig.
[0810/141416:WARNING:dns_config_service_win.cc(653)] Failed to read DnsConfig.
[0810/141418:WARNING:dns_config_service_win.cc(653)] Failed to read DnsConfig.
[0810/141419:WARNING:dns_config_service_win.cc(653)] Failed to read DnsConfig.
[0810/141419:WARNING:dns_config_service_win.cc(653)] Failed to read DnsConfig.
[0810/141420:WARNING:dns_config_service_win.cc(653)] Failed to read DnsConfig.
[0810/141421:WARNING:dns_config_service_win.cc(653)] Failed to read DnsConfig.
[0810/141421:WARNING:dns_config_service_win.cc(653)] Failed to read DnsConfig.
[0810/141423:WARNING:dns_config_service_win.cc(653)] Failed to read DnsConfig.
[0810/141424:WARNING:dns_config_service_win.cc(653)] Failed to read DnsConfig.
[0810/141424:WARNING:dns_config_service_win.cc(653)] Failed to read DnsConfig.
[0810/141425:WARNING:dns_config_service_win.cc(653)] Failed to read DnsConfig.
[0810/141426:WARNING:dns_config_service_win.cc(653)] Failed to read DnsConfig.
[0810/141426:WARNING:dns_config_service_win.cc(653)] Failed to read DnsConfig.
[0810/141428:WARNING:dns_config_service_win.cc(653)] Failed to read DnsConfig.
[0810/141429:WARNING:dns_config_service_win.cc(653)] Failed to read DnsConfig.
[0810/141429:WARNING:dns_config_service_win.cc(653)] Failed to read DnsConfig.
[0810/141430:WARNING:dns_config_service_win.cc(653)] Failed to read DnsConfig.
[0810/141431:WARNING:dns_config_service_win.cc(653)] Failed to read DnsConfig.
[0810/141431:WARNING:dns_config_service_win.cc(653)] Failed to read DnsConfig.
[0810/141433:WARNING:dns_config_service_win.cc(653)] Failed to read DnsConfig.
[0810/141434:WARNING:dns_config_service_win.cc(653)] Failed to read DnsConfig.
[0810/141434:WARNING:dns_config_service_win.cc(653)] Failed to read DnsConfig.
[0810/141435:WARNING:dns_config_service_win.cc(653)] Failed to read DnsConfig.
[0810/141436:WARNING:dns_config_service_win.cc(653)] Failed to read DnsConfig.
[0810/141436:WARNING:dns_config_service_win.cc(653)] Failed to read DnsConfig.
[0810/141438:WARNING:dns_config_service_win.cc(653)] Failed to read DnsConfig.
[0810/141439:WARNING:dns_config_service_win.cc(653)] Failed to read DnsConfig.
[0810/141439:WARNING:dns_config_service_win.cc(653)] Failed to read DnsConfig.
[0810/141440:WARNING:dns_config_service_win.cc(653)] Failed to read DnsConfig.
[0810/141441:WARNING:dns_config_service_win.cc(653)] Failed to read DnsConfig.
[0810/141441:WARNING:dns_config_service_win.cc(653)] Failed to read DnsConfig.
[0810/141443:WARNING:dns_config_service_win.cc(653)] Failed to read DnsConfig.
[0810/141444:WARNING:dns_config_service_win.cc(653)] Failed to read DnsConfig.
[0810/141444:WARNING:dns_config_service_win.cc(653)] Failed to read DnsConfig.
[0810/141445:WARNING:dns_config_service_win.cc(653)] Failed to read DnsConfig.
[0810/141446:WARNING:dns_config_service_win.cc(653)] Failed to read DnsConfig.
[0810/141446:WARNING:dns_config_service_win.cc(653)] Failed to read DnsConfig.
[0810/141448:WARNING:dns_config_service_win.cc(653)] Failed to read DnsConfig.
[0810/141449:WARNING:dns_config_service_win.cc(653)] Failed to read DnsConfig.
[0810/141449:WARNING:dns_config_service_win.cc(653)] Failed to read DnsConfig.
[0810/141450:WARNING:dns_config_service_win.cc(653)] Failed to read DnsConfig.
[0810/141451:WARNING:dns_config_service_win.cc(653)] Failed to read DnsConfig.
[0810/141451:WARNING:dns_config_service_win.cc(653)] Failed to read DnsConfig.
[0810/141453:WARNING:dns_config_service_win.cc(653)] Failed to read DnsConfig.
[0810/141454:WARNING:dns_config_service_win.cc(653)] Failed to read DnsConfig.
[0810/141454:WARNING:dns_config_service_win.cc(653)] Failed to read DnsConfig.
[0810/141455:WARNING:dns_config_service_win.cc(653)] Failed to read DnsConfig.
[0810/141456:WARNING:dns_config_service_win.cc(653)] Failed to read DnsConfig.
[0810/141456:WARNING:dns_config_service_win.cc(653)] Failed to read DnsConfig.
[0810/141458:WARNING:dns_config_service_win.cc(653)] Failed to read DnsConfig.
[0810/141459:WARNING:dns_config_service_win.cc(653)] Failed to read DnsConfig.
[0810/141459:WARNING:dns_config_service_win.cc(653)] Failed to read DnsConfig.
[0810/141500:WARNING:dns_config_service_win.cc(653)] Failed to read DnsConfig.
[0810/141501:WARNING:dns_config_service_win.cc(653)] Failed to read DnsConfig.
[0810/141501:WARNING:dns_config_service_win.cc(653)] Failed to read DnsConfig.
[0810/141503:WARNING:dns_config_service_win.cc(653)] Failed to read DnsConfig.
[0810/141504:WARNING:dns_config_service_win.cc(653)] Failed to read DnsConfig.
[0810/141504:WARNING:dns_config_service_win.cc(653)] Failed to read DnsConfig.
[0810/141505:WARNING:dns_config_service_win.cc(653)] Failed to read DnsConfig.
[0810/141506:WARNING:dns_config_service_win.cc(653)] Failed to read DnsConfig.
[0810/141506:WARNING:dns_config_service_win.cc(653)] Failed to read DnsConfig.
[0810/141508:WARNING:dns_config_service_win.cc(653)] Failed to read DnsConfig.
[0810/141509:WARNING:dns_config_service_win.cc(653)] Failed to read DnsConfig.
[0810/141509:WARNING:dns_config_service_win.cc(653)] Failed to read DnsConfig.
[0810/141510:WARNING:dns_config_service_win.cc(653)] Failed to read DnsConfig.
[0810/141511:WARNING:dns_config_service_win.cc(653)] Failed to read DnsConfig.
[0810/141511:WARNING:dns_config_service_win.cc(653)] Failed to read DnsConfig.
[0810/141513:WARNING:dns_config_service_win.cc(653)] Failed to read DnsConfig.
[0810/141514:WARNING:dns_config_service_win.cc(653)] Failed to read DnsConfig.
[0810/141514:WARNING:dns_config_service_win.cc(653)] Failed to read DnsConfig.
[0810/141515:WARNING:dns_config_service_win.cc(653)] Failed to read DnsConfig.
[0810/141516:WARNING:dns_config_service_win.cc(653)] Failed to read DnsConfig.
[0810/141516:WARNING:dns_config_service_win.cc(653)] Failed to read DnsConfig.
[0810/141518:WARNING:dns_config_service_win.cc(653)] Failed to read DnsConfig.
[0810/141518:WARNING:dns_config_service_win.cc(653)] Failed to read DnsConfig.
[0810/141519:WARNING:dns_config_service_win.cc(653)] Failed to read DnsConfig.
[0810/141519:WARNING:dns_config_service_win.cc(653)] Failed to read DnsConfig.
[0810/141520:WARNING:dns_config_service_win.cc(653)] Failed to read DnsConfig.
[0810/141521:WARNING:dns_config_service_win.cc(653)] Failed to read DnsConfig.
[0810/141521:WARNING:dns_config_service_win.cc(653)] Failed to read DnsConfig.
[0810/141523:WARNING:dns_config_service_win.cc(653)] Failed to read DnsConfig.
[0810/141523:WARNING:dns_config_service_win.cc(653)] Failed to read DnsConfig.
[0810/141524:WARNING:dns_config_service_win.cc(653)] Failed to read DnsConfig.
[0810/141524:WARNING:dns_config_service_win.cc(653)] Failed to read DnsConfig.
[0810/141525:WARNING:dns_config_service_win.cc(653)] Failed to read DnsConfig.
[0810/141526:WARNING:dns_config_service_win.cc(653)] Failed to read DnsConfig.
[0810/141526:WARNING:dns_config_service_win.cc(653)] Failed to read DnsConfig.
[0810/141528:WARNING:dns_config_service_win.cc(653)] Failed to read DnsConfig.
[0810/141528:WARNING:dns_config_service_win.cc(653)] Failed to read DnsConfig.
[0810/141529:WARNING:dns_config_service_win.cc(653)] Failed to read DnsConfig.
[0810/141529:WARNING:dns_config_service_win.cc(653)] Failed to read DnsConfig.
[0810/141529:WARNING:dns_config_service_win.cc(653)] Failed to read DnsConfig.
[0810/141530:WARNING:dns_config_service_win.cc(653)] Failed to read DnsConfig.
[0810/141531:WARNING:dns_config_service_win.cc(653)] Failed to read DnsConfig.
[0810/141531:WARNING:dns_config_service_win.cc(653)] Failed to read DnsConfig.
[0810/141533:WARNING:dns_config_service_win.cc(653)] Failed to read DnsConfig.
[0810/141533:WARNING:dns_config_service_win.cc(653)] Failed to read DnsConfig.
[0810/141534:WARNING:dns_config_service_win.cc(653)] Failed to read DnsConfig.
[0810/141534:WARNING:dns_config_service_win.cc(653)] Failed to read DnsConfig.
[0810/141534:WARNING:dns_config_service_win.cc(653)] Failed to read DnsConfig.
[0810/141535:WARNING:dns_config_service_win.cc(653)] Failed to read DnsConfig.
[0810/141536:WARNING:dns_config_service_win.cc(653)] Failed to read DnsConfig.
[0810/141536:WARNING:dns_config_service_win.cc(653)] Failed to read DnsConfig.
[0810/141538:WARNING:dns_config_service_win.cc(653)] Failed to read DnsConfig.
[0810/141538:WARNING:dns_config_service_win.cc(653)] Failed to read DnsConfig.
[0810/141539:WARNING:dns_config_service_win.cc(653)] Failed to read DnsConfig.
[0810/141539:WARNING:dns_config_service_win.cc(653)] Failed to read DnsConfig.
[0810/141539:WARNING:dns_config_service_win.cc(653)] Failed to read DnsConfig.
[0810/141540:WARNING:dns_config_service_win.cc(653)] Failed to read DnsConfig.
[0810/141541:WARNING:dns_config_service_win.cc(653)] Failed to read DnsConfig.
[0810/141541:WARNING:dns_config_service_win.cc(653)] Failed to read DnsConfig.
[0810/141543:WARNING:dns_config_service_win.cc(653)] Failed to read DnsConfig.
[0810/141543:WARNING:dns_config_service_win.cc(653)] Failed to read DnsConfig.
[0810/141544:WARNING:dns_config_service_win.cc(653)] Failed to read DnsConfig.
[0810/141544:WARNING:dns_config_service_win.cc(653)] Failed to read DnsConfig.
[0810/141544:WARNING:dns_config_service_win.cc(653)] Failed to read DnsConfig.
[0810/141545:WARNING:dns_config_service_win.cc(653)] Failed to read DnsConfig.
[0810/141546:WARNING:dns_config_service_win.cc(653)] Failed to read DnsConfig.
[0810/141546:WARNING:dns_config_service_win.cc(653)] Failed to read DnsConfig.
[0810/141548:WARNING:dns_config_service_win.cc(653)] Failed to read DnsConfig.
[0810/141548:WARNING:dns_config_service_win.cc(653)] Failed to read DnsConfig.
[0810/141549:WARNING:dns_config_service_win.cc(653)] Failed to read DnsConfig.
[0810/141549:WARNING:dns_config_service_win.cc(653)] Failed to read DnsConfig.
[0810/141549:WARNING:dns_config_service_win.cc(653)] Failed to read DnsConfig.
[0810/141550:WARNING:dns_config_service_win.cc(653)] Failed to read DnsConfig.
[0810/141551:WARNING:dns_config_service_win.cc(653)] Failed to read DnsConfig.
[0810/141551:WARNING:dns_config_service_win.cc(653)] Failed to read DnsConfig.
[0810/141553:WARNING:dns_config_service_win.cc(653)] Failed to read DnsConfig.
[0810/141553:WARNING:dns_config_service_win.cc(653)] Failed to read DnsConfig.
[0810/141554:WARNING:dns_config_service_win.cc(653)] Failed to read DnsConfig.
[0810/141554:WARNING:dns_config_service_win.cc(653)] Failed to read DnsConfig.
[0810/141554:WARNING:dns_config_service_win.cc(653)] Failed to read DnsConfig.
[0810/141555:WARNING:dns_config_service_win.cc(653)] Failed to read DnsConfig.
[0810/141556:WARNING:dns_config_service_win.cc(653)] Failed to read DnsConfig.
[0810/141556:WARNING:dns_config_service_win.cc(653)] Failed to read DnsConfig.
[0810/141558:WARNING:dns_config_service_win.cc(653)] Failed to read DnsConfig.
[0810/141558:WARNING:dns_config_service_win.cc(653)] Failed to read DnsConfig.
[0810/141559:WARNING:dns_config_service_win.cc(653)] Failed to read DnsConfig.
[0810/141559:WARNING:dns_config_service_win.cc(653)] Failed to read DnsConfig.
[0810/141600:WARNING:dns_config_service_win.cc(653)] Failed to read DnsConfig.
[0810/141601:WARNING:dns_config_service_win.cc(653)] Failed to read DnsConfig.
[0810/141601:WARNING:dns_config_service_win.cc(653)] Failed to read DnsConfig.
[0810/141603:WARNING:dns_config_service_win.cc(653)] Failed to read DnsConfig.
[0810/141603:WARNING:dns_config_service_win.cc(653)] Failed to read DnsConfig.
[0810/141604:WARNING:dns_config_service_win.cc(653)] Failed to read DnsConfig.
[0810/141604:WARNING:dns_config_service_win.cc(653)] Failed to read DnsConfig.
[0810/141605:WARNING:dns_config_service_win.cc(653)] Failed to read DnsConfig.
[0810/141606:WARNING:dns_config_service_win.cc(653)] Failed to read DnsConfig.
[0810/141606:WARNING:dns_config_service_win.cc(653)] Failed to read DnsConfig.
[0810/141608:WARNING:dns_config_service_win.cc(653)] Failed to read DnsConfig.
[0810/141608:WARNING:dns_config_service_win.cc(653)] Failed to read DnsConfig.
[0810/141609:WARNING:dns_config_service_win.cc(653)] Failed to read DnsConfig.
[0810/141609:WARNING:dns_config_service_win.cc(653)] Failed to read DnsConfig.
[0810/141610:WARNING:dns_config_service_win.cc(653)] Failed to read DnsConfig.
[0810/141611:WARNING:dns_config_service_win.cc(653)] Failed to read DnsConfig.
[0810/141611:WARNING:dns_config_service_win.cc(653)] Failed to read DnsConfig.
[0810/141613:WARNING:dns_config_service_win.cc(653)] Failed to read DnsConfig.
[0810/141613:WARNING:dns_config_service_win.cc(653)] Failed to read DnsConfig.
[0810/141614:WARNING:dns_config_service_win.cc(653)] Failed to read DnsConfig.
[0810/141614:WARNING:dns_config_service_win.cc(653)] Failed to read DnsConfig.
[0810/141615:WARNING:dns_config_service_win.cc(653)] Failed to read DnsConfig.
[0810/141616:WARNING:dns_config_service_win.cc(653)] Failed to read DnsConfig.
[0810/141616:WARNING:dns_config_service_win.cc(653)] Failed to read DnsConfig.
[0810/141618:WARNING:dns_config_service_win.cc(653)] Failed to read DnsConfig.
[0810/141618:WARNING:dns_config_service_win.cc(653)] Failed to read DnsConfig.
[0810/141619:WARNING:dns_config_service_win.cc(653)] Failed to read DnsConfig.
[0810/141619:WARNING:dns_config_service_win.cc(653)] Failed to read DnsConfig.
[0810/141620:WARNING:dns_config_service_win.cc(653)] Failed to read DnsConfig.
[0810/141621:WARNING:dns_config_service_win.cc(653)] Failed to read DnsConfig.
[0810/141621:WARNING:dns_config_service_win.cc(653)] Failed to read DnsConfig.
[0810/141623:WARNING:dns_config_service_win.cc(653)] Failed to read DnsConfig.
[0810/141623:WARNING:dns_config_service_win.cc(653)] Failed to read DnsConfig.
[0810/141624:WARNING:dns_config_service_win.cc(653)] Failed to read DnsConfig.
[0810/141624:WARNING:dns_config_service_win.cc(653)] Failed to read DnsConfig.
[0810/141625:WARNING:dns_config_service_win.cc(653)] Failed to read DnsConfig.
[0810/141626:WARNING:dns_config_service_win.cc(653)] Failed to read DnsConfig.
[0810/141626:WARNING:dns_config_service_win.cc(653)] Failed to read DnsConfig.
[0810/141628:WARNING:dns_config_service_win.cc(653)] Failed to read DnsConfig.
[0810/141628:WARNING:dns_config_service_win.cc(653)] Failed to read DnsConfig.
[0810/141629:WARNING:dns_config_service_win.cc(653)] Failed to read DnsConfig.
[0810/141629:WARNING:dns_config_service_win.cc(653)] Failed to read DnsConfig.
[0810/141630:WARNING:dns_config_service_win.cc(653)] Failed to read DnsConfig.
[0810/141631:WARNING:dns_config_service_win.cc(653)] Failed to read DnsConfig.
[0810/141631:WARNING:dns_config_service_win.cc(653)] Failed to read DnsConfig.
[0810/141633:WARNING:dns_config_service_win.cc(653)] Failed to read DnsConfig.
[0810/141633:WARNING:dns_config_service_win.cc(653)] Failed to read DnsConfig.
[0810/141634:WARNING:dns_config_service_win.cc(653)] Failed to read DnsConfig.
[0810/141634:WARNING:dns_config_service_win.cc(653)] Failed to read DnsConfig.
[0810/141635:WARNING:dns_config_service_win.cc(653)] Failed to read DnsConfig.
[0810/141636:WARNING:dns_config_service_win.cc(653)] Failed to read DnsConfig.
[0810/141636:WARNING:dns_config_service_win.cc(653)] Failed to read DnsConfig.
[0810/141638:WARNING:dns_config_service_win.cc(653)] Failed to read DnsConfig.
[0810/141638:WARNING:dns_config_service_win.cc(653)] Failed to read DnsConfig.
[0810/141639:WARNING:dns_config_service_win.cc(653)] Failed to read DnsConfig.
[0810/141639:WARNING:dns_config_service_win.cc(653)] Failed to read DnsConfig.
[0810/141640:WARNING:dns_config_service_win.cc(653)] Failed to read DnsConfig.
[0810/141641:WARNING:dns_config_service_win.cc(653)] Failed to read DnsConfig.
[0810/141641:WARNING:dns_config_service_win.cc(653)] Failed to read DnsConfig.
[0810/141643:WARNING:dns_config_service_win.cc(653)] Failed to read DnsConfig.
[0810/141643:WARNING:dns_config_service_win.cc(653)] Failed to read DnsConfig.
[0810/141644:WARNING:dns_config_service_win.cc(653)] Failed to read DnsConfig.
[0810/141644:WARNING:dns_config_service_win.cc(653)] Failed to read DnsConfig.
[0810/141645:WARNING:dns_config_service_win.cc(653)] Failed to read DnsConfig.
[0810/141646:WARNING:dns_config_service_win.cc(653)] Failed to read DnsConfig.
[0810/141646:WARNING:dns_config_service_win.cc(653)] Failed to read DnsConfig.
[0810/141648:WARNING:dns_config_service_win.cc(653)] Failed to read DnsConfig.
[0810/141648:WARNING:dns_config_service_win.cc(653)] Failed to read DnsConfig.
[0810/141649:WARNING:dns_config_service_win.cc(653)] Failed to read DnsConfig.
[0810/141649:WARNING:dns_config_service_win.cc(653)] Failed to read DnsConfig.
[0810/141650:WARNING:dns_config_service_win.cc(653)] Failed to read DnsConfig.
[0810/141651:WARNING:dns_config_service_win.cc(653)] Failed to read DnsConfig.
[0810/141651:WARNING:dns_config_service_win.cc(653)] Failed to read DnsConfig.
[0810/141653:WARNING:dns_config_service_win.cc(653)] Failed to read DnsConfig.
[0810/141653:WARNING:dns_config_service_win.cc(653)] Failed to read DnsConfig.
[0810/141654:WARNING:dns_config_service_win.cc(653)] Failed to read DnsConfig.
[0810/141654:WARNING:dns_config_service_win.cc(653)] Failed to read DnsConfig.
[0810/141655:WARNING:dns_config_service_win.cc(653)] Failed to read DnsConfig.
[0810/141656:WARNING:dns_config_service_win.cc(653)] Failed to read DnsConfig.
[0810/141656:WARNING:dns_config_service_win.cc(653)] Failed to read DnsConfig.
[0810/141658:WARNING:dns_config_service_win.cc(653)] Failed to read DnsConfig.
[0810/141658:WARNING:dns_config_service_win.cc(653)] Failed to read DnsConfig.
[0810/141659:WARNING:dns_config_service_win.cc(653)] Failed to read DnsConfig.
[0810/141659:WARNING:dns_config_service_win.cc(653)] Failed to read DnsConfig.
[0810/141700:WARNING:dns_config_service_win.cc(653)] Failed to read DnsConfig.
[0810/141701:WARNING:dns_config_service_win.cc(653)] Failed to read DnsConfig.
[0810/141701:WARNING:dns_config_service_win.cc(653)] Failed to read DnsConfig.
[0810/141703:WARNING:dns_config_service_win.cc(653)] Failed to read DnsConfig.
[0810/141703:WARNING:dns_config_service_win.cc(653)] Failed to read DnsConfig.
[0810/141704:WARNING:dns_config_service_win.cc(653)] Failed to read DnsConfig.
[0810/141704:WARNING:dns_config_service_win.cc(653)] Failed to read DnsConfig.
[0810/141705:WARNING:dns_config_service_win.cc(653)] Failed to read DnsConfig.
[0810/141706:WARNING:dns_config_service_win.cc(653)] Failed to read DnsConfig.
[0810/141706:WARNING:dns_config_service_win.cc(653)] Failed to read DnsConfig.
[0810/141708:WARNING:dns_config_service_win.cc(653)] Failed to read DnsConfig.
[0810/141708:WARNING:dns_config_service_win.cc(653)] Failed to read DnsConfig.
[0810/141709:WARNING:dns_config_service_win.cc(653)] Failed to read DnsConfig.
[0810/141709:WARNING:dns_config_service_win.cc(653)] Failed to read DnsConfig.
[0810/141710:WARNING:dns_config_service_win.cc(653)] Failed to read DnsConfig.
[0810/141711:WARNING:dns_config_service_win.cc(653)] Failed to read DnsConfig.
[0810/141711:WARNING:dns_config_service_win.cc(653)] Failed to read DnsConfig.
[0810/141713:WARNING:dns_config_service_win.cc(653)] Failed to read DnsConfig.
[0810/141713:WARNING:dns_config_service_win.cc(653)] Failed to read DnsConfig.
[0810/141714:WARNING:dns_config_service_win.cc(653)] Failed to read DnsConfig.
[0810/141714:WARNING:dns_config_service_win.cc(653)] Failed to read DnsConfig.
[0810/141715:WARNING:dns_config_service_win.cc(653)] Failed to read DnsConfig.
[0810/141716:WARNING:dns_config_service_win.cc(653)] Failed to read DnsConfig.
[0810/141716:WARNING:dns_config_service_win.cc(653)] Failed to read DnsConfig.
[0810/141718:WARNING:dns_config_service_win.cc(653)] Failed to read DnsConfig.
[0810/141718:WARNING:dns_config_service_win.cc(653)] Failed to read DnsConfig.
[0810/141719:WARNING:dns_config_service_win.cc(653)] Failed to read DnsConfig.
[0810/141719:WARNING:dns_config_service_win.cc(653)] Failed to read DnsConfig.
[0810/141720:WARNING:dns_config_service_win.cc(653)] Failed to read DnsConfig.
[0810/141721:WARNING:dns_config_service_win.cc(653)] Failed to read DnsConfig.
[0810/141721:WARNING:dns_config_service_win.cc(653)] Failed to read DnsConfig.
[0810/141723:WARNING:dns_config_service_win.cc(653)] Failed to read DnsConfig.
[0810/141723:WARNING:dns_config_service_win.cc(653)] Failed to read DnsConfig.
[0810/141724:WARNING:dns_config_service_win.cc(653)] Failed to read DnsConfig.
[0810/141724:WARNING:dns_config_service_win.cc(653)] Failed to read DnsConfig.
[0810/141725:WARNING:dns_config_service_win.cc(653)] Failed to read DnsConfig.
[0810/141726:WARNING:dns_config_service_win.cc(653)] Failed to read DnsConfig.
[0810/141726:WARNING:dns_config_service_win.cc(653)] Failed to read DnsConfig.
[0810/141728:WARNING:dns_config_service_win.cc(653)] Failed to read DnsConfig.
[0810/141728:WARNING:dns_config_service_win.cc(653)] Failed to read DnsConfig.
[0810/141729:WARNING:dns_config_service_win.cc(653)] Failed to read DnsConfig.
[0810/141729:WARNING:dns_config_service_win.cc(653)] Failed to read DnsConfig.
[0810/141730:WARNING:dns_config_service_win.cc(653)] Failed to read DnsConfig.
[0810/141731:WARNING:dns_config_service_win.cc(653)] Failed to read DnsConfig.
[0810/141731:WARNING:dns_config_service_win.cc(653)] Failed to read DnsConfig.
[0810/141733:WARNING:dns_config_service_win.cc(653)] Failed to read DnsConfig.
[0810/141733:WARNING:dns_config_service_win.cc(653)] Failed to read DnsConfig.
[0810/141734:WARNING:dns_config_service_win.cc(653)] Failed to read DnsConfig.
[0810/141734:WARNING:dns_config_service_win.cc(653)] Failed to read DnsConfig.
[0810/141735:WARNING:dns_config_service_win.cc(653)] Failed to read DnsConfig.
[0810/141736:WARNING:dns_config_service_win.cc(653)] Failed to read DnsConfig.
[0810/141736:WARNING:dns_config_service_win.cc(653)] Failed to read DnsConfig.
[0810/141738:WARNING:dns_config_service_win.cc(653)] Failed to read DnsConfig.
[0810/141738:WARNING:dns_config_service_win.cc(653)] Failed to read DnsConfig.
[0810/141739:WARNING:dns_config_service_win.cc(653)] Failed to read DnsConfig.
[0810/141739:WARNING:dns_config_service_win.cc(653)] Failed to read DnsConfig.
[0810/141740:WARNING:dns_config_service_win.cc(653)] Failed to read DnsConfig.
[0810/141741:WARNING:dns_config_service_win.cc(653)] Failed to read DnsConfig.
[0810/141741:WARNING:dns_config_service_win.cc(653)] Failed to read DnsConfig.
[0810/141743:WARNING:dns_config_service_win.cc(653)] Failed to read DnsConfig.
[0810/141743:WARNING:dns_config_service_win.cc(653)] Failed to read DnsConfig.
[0810/141744:WARNING:dns_config_service_win.cc(653)] Failed to read DnsConfig.
[0810/141744:WARNING:dns_config_service_win.cc(653)] Failed to read DnsConfig.
[0810/141745:WARNING:dns_config_service_win.cc(653)] Failed to read DnsConfig.
[0810/141746:WARNING:dns_config_service_win.cc(653)] Failed to read DnsConfig.
[0810/141746:WARNING:dns_config_service_win.cc(653)] Failed to read DnsConfig.
[0810/141748:WARNING:dns_config_service_win.cc(653)] Failed to read DnsConfig.
[0810/141748:WARNING:dns_config_service_win.cc(653)] Failed to read DnsConfig.
[0810/141749:WARNING:dns_config_service_win.cc(653)] Failed to read DnsConfig.
[0810/141749:WARNING:dns_config_service_win.cc(653)] Failed to read DnsConfig.
[0810/141750:WARNING:dns_config_service_win.cc(653)] Failed to read DnsConfig.
[0810/141751:WARNING:dns_config_service_win.cc(653)] Failed to read DnsConfig.
[0810/141751:WARNING:dns_config_service_win.cc(653)] Failed to read DnsConfig.
[0810/141753:WARNING:dns_config_service_win.cc(653)] Failed to read DnsConfig.
[0810/141753:WARNING:dns_config_service_win.cc(653)] Failed to read DnsConfig.
[0810/141754:WARNING:dns_config_service_win.cc(653)] Failed to read DnsConfig.
[0810/141754:WARNING:dns_config_service_win.cc(653)] Failed to read DnsConfig.
[0810/141755:WARNING:dns_config_service_win.cc(653)] Failed to read DnsConfig.
[0810/141756:WARNING:dns_config_service_win.cc(653)] Failed to read DnsConfig.
[0810/141756:WARNING:dns_config_service_win.cc(653)] Failed to read DnsConfig.
[0810/141758:WARNING:dns_config_service_win.cc(653)] Failed to read DnsConfig.
[0810/141758:WARNING:dns_config_service_win.cc(653)] Failed to read DnsConfig.
[0810/141759:WARNING:dns_config_service_win.cc(653)] Failed to read DnsConfig.
[0810/141759:WARNING:dns_config_service_win.cc(653)] Failed to read DnsConfig.
[0810/141800:WARNING:dns_config_service_win.cc(653)] Failed to read DnsConfig.
[0810/141801:WARNING:dns_config_service_win.cc(653)] Failed to read DnsConfig.
[0810/141801:WARNING:dns_config_service_win.cc(653)] Failed to read DnsConfig.
[0810/141803:WARNING:dns_config_service_win.cc(653)] Failed to read DnsConfig.
[0810/141803:WARNING:dns_config_service_win.cc(653)] Failed to read DnsConfig.
[0810/141804:WARNING:dns_config_service_win.cc(653)] Failed to read DnsConfig.
[0810/141804:WARNING:dns_config_service_win.cc(653)] Failed to read DnsConfig.
[0810/141805:WARNING:dns_config_service_win.cc(653)] Failed to read DnsConfig.
[0810/141806:WARNING:dns_config_service_win.cc(653)] Failed to read DnsConfig.
[0810/141806:WARNING:dns_config_service_win.cc(653)] Failed to read DnsConfig.
[0810/141808:WARNING:dns_config_service_win.cc(653)] Failed to read DnsConfig.
[0810/141808:WARNING:dns_config_service_win.cc(653)] Failed to read DnsConfig.
[0810/141809:WARNING:dns_config_service_win.cc(653)] Failed to read DnsConfig.
[0810/141809:WARNING:dns_config_service_win.cc(653)] Failed to read DnsConfig.
[0810/141810:WARNING:dns_config_service_win.cc(653)] Failed to read DnsConfig.
[0810/141811:WARNING:dns_config_service_win.cc(653)] Failed to read DnsConfig.
[0810/141811:WARNING:dns_config_service_win.cc(653)] Failed to read DnsConfig.
[0810/141813:WARNING:dns_config_service_win.cc(653)] Failed to read DnsConfig.
[0810/141813:WARNING:dns_config_service_win.cc(653)] Failed to read DnsConfig.
[0810/141814:WARNING:dns_config_service_win.cc(653)] Failed to read DnsConfig.
[0810/141814:WARNING:dns_config_service_win.cc(653)] Failed to read DnsConfig.
[0810/141815:WARNING:dns_config_service_win.cc(653)] Failed to read DnsConfig.
[0810/141816:WARNING:dns_config_service_win.cc(653)] Failed to read DnsConfig.
[0810/141816:WARNING:dns_config_service_win.cc(653)] Failed to read DnsConfig.
[0810/141818:WARNING:dns_config_service_win.cc(653)] Failed to read DnsConfig.
[0810/141818:WARNING:dns_config_service_win.cc(653)] Failed to read DnsConfig.
[0810/141819:WARNING:dns_config_service_win.cc(653)] Failed to read DnsConfig.
[0810/141819:WARNING:dns_config_service_win.cc(653)] Failed to read DnsConfig.
[0810/141820:WARNING:dns_config_service_win.cc(653)] Failed to read DnsConfig.
[0810/141821:WARNING:dns_config_service_win.cc(653)] Failed to read DnsConfig.
[0810/141821:WARNING:dns_config_service_win.cc(653)] Failed to read DnsConfig.
[0810/141824:INFO:dhcp_proxy_script_adapter_fetcher_win.cc(264)] Error fetching PAC URL from DHCP: 2
[0810/141824:INFO:dhcp_proxy_script_adapter_fetcher_win.cc(264)] Error fetching PAC URL from DHCP: 2
[0810/141828:INFO:dhcp_proxy_script_adapter_fetcher_win.cc(264)] Error fetching PAC URL from DHCP: 2
[0810/141828:INFO:dhcp_proxy_script_adapter_fetcher_win.cc(264)] Error fetching PAC URL from DHCP: 2
[0810/141831:INFO:dhcp_proxy_script_adapter_fetcher_win.cc(264)] Error fetching PAC URL from DHCP: 2
[0810/141831:INFO:dhcp_proxy_script_adapter_fetcher_win.cc(264)] Error fetching PAC URL from DHCP: 2
[0810/141834:INFO:dhcp_proxy_script_adapter_fetcher_win.cc(264)] Error fetching PAC URL from DHCP: 2
[0810/141834:INFO:dhcp_proxy_script_adapter_fetcher_win.cc(264)] Error fetching PAC URL from DHCP: 2
[0810/141843:INFO:dhcp_proxy_script_adapter_fetcher_win.cc(264)] Error fetching PAC URL from DHCP: 2
[0810/141843:INFO:dhcp_proxy_script_adapter_fetcher_win.cc(264)] Error fetching PAC URL from DHCP: 2
[0810/150634:INFO:dhcp_proxy_script_adapter_fetcher_win.cc(264)] Error fetching PAC URL from DHCP: 2
[0810/150634:INFO:dhcp_proxy_script_adapter_fetcher_win.cc(264)] Error fetching PAC URL from DHCP: 2
[0810/150837:INFO:dhcp_proxy_script_adapter_fetcher_win.cc(264)] Error fetching PAC URL from DHCP: 2
[0810/150837:INFO:dhcp_proxy_script_adapter_fetcher_win.cc(264)] Error fetching PAC URL from DHCP: 2
[0810/151542:ERROR:renderer_main.cc(226)] Running without renderer sandbox
[0810/151545:INFO:CONSOLE(1)] "ReferenceError: EdgeDOM is not defined
    at eval (eval at <anonymous> (about:blank:0:45), <anonymous>:1:7)
    at about:blank:0:47", source:  (1)
[0810/155849:INFO:dhcp_proxy_script_adapter_fetcher_win.cc(264)] Error fetching PAC URL from DHCP: 2
[0810/155849:INFO:dhcp_proxy_script_adapter_fetcher_win.cc(264)] Error fetching PAC URL from DHCP: 2
[0810/155900:INFO:dhcp_proxy_script_adapter_fetcher_win.cc(264)] Error fetching PAC URL from DHCP: 2
[0810/155900:INFO:dhcp_proxy_script_adapter_fetcher_win.cc(264)] Error fetching PAC URL from DHCP: 2
[0810/155910:INFO:dhcp_proxy_script_adapter_fetcher_win.cc(264)] Error fetching PAC URL from DHCP: 2
[0810/155910:INFO:dhcp_proxy_script_adapter_fetcher_win.cc(264)] Error fetching PAC URL from DHCP: 2
[0810/160113:INFO:dhcp_proxy_script_adapter_fetcher_win.cc(264)] Error fetching PAC URL from DHCP: 2
[0810/160113:INFO:dhcp_proxy_script_adapter_fetcher_win.cc(264)] Error fetching PAC URL from DHCP: 2
[0810/160113:INFO:dhcp_proxy_script_adapter_fetcher_win.cc(264)] Error fetching PAC URL from DHCP: 2
[0810/160119:INFO:dhcp_proxy_script_adapter_fetcher_win.cc(264)] Error fetching PAC URL from DHCP: 2
[0810/160119:INFO:dhcp_proxy_script_adapter_fetcher_win.cc(264)] Error fetching PAC URL from DHCP: 2
[0810/160128:INFO:dhcp_proxy_script_adapter_fetcher_win.cc(264)] Error fetching PAC URL from DHCP: 2
[0810/160128:INFO:dhcp_proxy_script_adapter_fetcher_win.cc(264)] Error fetching PAC URL from DHCP: 2
[0810/160934:INFO:dhcp_proxy_script_adapter_fetcher_win.cc(264)] Error fetching PAC URL from DHCP: 2
[0810/160934:INFO:dhcp_proxy_script_adapter_fetcher_win.cc(264)] Error fetching PAC URL from DHCP: 2
[0810/160934:INFO:dhcp_proxy_script_adapter_fetcher_win.cc(264)] Error fetching PAC URL from DHCP: 2
[0810/160940:INFO:dhcp_proxy_script_adapter_fetcher_win.cc(264)] Error fetching PAC URL from DHCP: 2
[0810/160940:INFO:dhcp_proxy_script_adapter_fetcher_win.cc(264)] Error fetching PAC URL from DHCP: 2
[0810/160950:INFO:dhcp_proxy_script_adapter_fetcher_win.cc(264)] Error fetching PAC URL from DHCP: 2
[0810/160950:INFO:dhcp_proxy_script_adapter_fetcher_win.cc(264)] Error fetching PAC URL from DHCP: 2
[0810/161732:INFO:dhcp_proxy_script_adapter_fetcher_win.cc(264)] Error fetching PAC URL from DHCP: 2
[0810/161732:INFO:dhcp_proxy_script_adapter_fetcher_win.cc(264)] Error fetching PAC URL from DHCP: 2
[0810/161732:INFO:dhcp_proxy_script_adapter_fetcher_win.cc(264)] Error fetching PAC URL from DHCP: 2
[0810/161738:INFO:dhcp_proxy_script_adapter_fetcher_win.cc(264)] Error fetching PAC URL from DHCP: 2
[0810/161738:INFO:dhcp_proxy_script_adapter_fetcher_win.cc(264)] Error fetching PAC URL from DHCP: 2
[0810/161739:WARNING:dns_config_service_win.cc(653)] Failed to read DnsConfig.
[0810/161740:WARNING:dns_config_service_win.cc(653)] Failed to read DnsConfig.
[0810/161743:INFO:dhcp_proxy_script_adapter_fetcher_win.cc(264)] Error fetching PAC URL from DHCP: 2
[0810/161743:INFO:dhcp_proxy_script_adapter_fetcher_win.cc(264)] Error fetching PAC URL from DHCP: 2
[0810/161747:INFO:dhcp_proxy_script_adapter_fetcher_win.cc(264)] Error fetching PAC URL from DHCP: 2
[0810/161747:INFO:dhcp_proxy_script_adapter_fetcher_win.cc(264)] Error fetching PAC URL from DHCP: 2
[0810/161748:WARNING:dns_config_service_win.cc(653)] Failed to read DnsConfig.
[0810/161749:WARNING:dns_config_service_win.cc(653)] Failed to read DnsConfig.
[0810/161750:INFO:dhcp_proxy_script_adapter_fetcher_win.cc(264)] Error fetching PAC URL from DHCP: 2
[0810/161750:INFO:dhcp_proxy_script_adapter_fetcher_win.cc(264)] Error fetching PAC URL from DHCP: 2
[0810/161750:INFO:dhcp_proxy_script_adapter_fetcher_win.cc(264)] Error fetching PAC URL from DHCP: 2
[0810/161753:WARNING:dns_config_service_win.cc(653)] Failed to read DnsConfig.
[0810/161754:WARNING:dns_config_service_win.cc(653)] Failed to read DnsConfig.
[0810/161757:WARNING:dns_config_service_win.cc(653)] Failed to read DnsConfig.
[0810/161800:INFO:dhcp_proxy_script_adapter_fetcher_win.cc(264)] Error fetching PAC URL from DHCP: 2
[0810/161800:INFO:dhcp_proxy_script_adapter_fetcher_win.cc(264)] Error fetching PAC URL from DHCP: 2
[0810/161803:INFO:dhcp_proxy_script_adapter_fetcher_win.cc(264)] Error fetching PAC URL from DHCP: 2
[0810/161803:INFO:dhcp_proxy_script_adapter_fetcher_win.cc(264)] Error fetching PAC URL from DHCP: 2
[0810/161812:INFO:dhcp_proxy_script_adapter_fetcher_win.cc(264)] Error fetching PAC URL from DHCP: 2
[0810/161812:INFO:dhcp_proxy_script_adapter_fetcher_win.cc(264)] Error fetching PAC URL from DHCP: 2
[0810/162857:INFO:CONSOLE(1)] "ReferenceError: EdgeDOM is not defined
    at eval (eval at <anonymous> (about:blank:0:45), <anonymous>:1:7)
    at about:blank:0:47", source:  (1)
[0810/162857:ERROR:renderer_main.cc(226)] Running without renderer sandbox
[0810/162857:INFO:dhcp_proxy_script_adapter_fetcher_win.cc(264)] Error fetching PAC URL from DHCP: 2
[0810/162857:INFO:dhcp_proxy_script_adapter_fetcher_win.cc(264)] Error fetching PAC URL from DHCP: 2
[0810/162917:INFO:CONSOLE(48)] "TypeError: Cannot read property 'style' of undefined
    at Object.EdgeDOM.updateOverlay (http://127.0.0.1:54321/_DRIVE_C_EVIRD_/Users/ltoscano/Downloads/sopa_letras-actividad/edge_includes/an.canvas.overlay.min.js:38:233)
    at Object.EdgeDOM.setInteractiveCookie (http://127.0.0.1:54321/_DRIVE_C_EVIRD_/Users/ltoscano/Downloads/sopa_letras-actividad/edge_includes/an.canvas.overlay.min.js:25:302)
    at eval (eval at <anonymous> (unknown source), <anonymous>:1:21)
    at <anonymous>:0:61", source: http://127.0.0.1:54321/_DRIVE_C_EVIRD_/Users/ltoscano/Downloads/sopa_letras-actividad/edge_includes/an.canvas.overlay.min.js (48)
[0810/162935:INFO:CONSOLE(48)] "TypeError: Cannot read property 'style' of undefined
    at Object.EdgeDOM.updateOverlay (http://127.0.0.1:54321/_DRIVE_C_EVIRD_/Users/ltoscano/Downloads/sopa_letras-actividad/edge_includes/an.canvas.overlay.min.js:38:233)
    at Object.EdgeDOM.setInteractiveCookie (http://127.0.0.1:54321/_DRIVE_C_EVIRD_/Users/ltoscano/Downloads/sopa_letras-actividad/edge_includes/an.canvas.overlay.min.js:25:302)
    at eval (eval at <anonymous> (unknown source), <anonymous>:1:21)
    at <anonymous>:0:61", source: http://127.0.0.1:54321/_DRIVE_C_EVIRD_/Users/ltoscano/Downloads/sopa_letras-actividad/edge_includes/an.canvas.overlay.min.js (48)
[0810/162935:INFO:CONSOLE(48)] "TypeError: Cannot read property 'style' of undefined
    at Object.EdgeDOM.updateOverlay (http://127.0.0.1:54321/_DRIVE_C_EVIRD_/Users/ltoscano/Downloads/sopa_letras-actividad/edge_includes/an.canvas.overlay.min.js:38:233)
    at Object.EdgeDOM.setInteractiveCookie (http://127.0.0.1:54321/_DRIVE_C_EVIRD_/Users/ltoscano/Downloads/sopa_letras-actividad/edge_includes/an.canvas.overlay.min.js:25:302)
    at eval (eval at <anonymous> (unknown source), <anonymous>:1:21)
    at <anonymous>:0:61", source: http://127.0.0.1:54321/_DRIVE_C_EVIRD_/Users/ltoscano/Downloads/sopa_letras-actividad/edge_includes/an.canvas.overlay.min.js (48)
[0810/162935:INFO:CONSOLE(48)] "TypeError: Cannot read property 'style' of undefined
    at Object.EdgeDOM.updateOverlay (http://127.0.0.1:54321/_DRIVE_C_EVIRD_/Users/ltoscano/Downloads/sopa_letras-actividad/edge_includes/an.canvas.overlay.min.js:38:233)
    at Object.EdgeDOM.setInteractiveCookie (http://127.0.0.1:54321/_DRIVE_C_EVIRD_/Users/ltoscano/Downloads/sopa_letras-actividad/edge_includes/an.canvas.overlay.min.js:25:302)
    at eval (eval at <anonymous> (unknown source), <anonymous>:1:21)
    at <anonymous>:0:61", source: http://127.0.0.1:54321/_DRIVE_C_EVIRD_/Users/ltoscano/Downloads/sopa_letras-actividad/edge_includes/an.canvas.overlay.min.js (48)
[0810/162935:INFO:CONSOLE(48)] "TypeError: Cannot read property 'style' of undefined
    at Object.EdgeDOM.updateOverlay (http://127.0.0.1:54321/_DRIVE_C_EVIRD_/Users/ltoscano/Downloads/sopa_letras-actividad/edge_includes/an.canvas.overlay.min.js:38:233)
    at Object.EdgeDOM.setInteractiveCookie (http://127.0.0.1:54321/_DRIVE_C_EVIRD_/Users/ltoscano/Downloads/sopa_letras-actividad/edge_includes/an.canvas.overlay.min.js:25:302)
    at eval (eval at <anonymous> (unknown source), <anonymous>:1:21)
    at <anonymous>:0:61", source: http://127.0.0.1:54321/_DRIVE_C_EVIRD_/Users/ltoscano/Downloads/sopa_letras-actividad/edge_includes/an.canvas.overlay.min.js (48)
[0810/162935:INFO:CONSOLE(48)] "TypeError: Cannot read property 'style' of undefined
    at Object.EdgeDOM.updateOverlay (http://127.0.0.1:54321/_DRIVE_C_EVIRD_/Users/ltoscano/Downloads/sopa_letras-actividad/edge_includes/an.canvas.overlay.min.js:38:233)
    at Object.EdgeDOM.setInteractiveCookie (http://127.0.0.1:54321/_DRIVE_C_EVIRD_/Users/ltoscano/Downloads/sopa_letras-actividad/edge_includes/an.canvas.overlay.min.js:25:302)
    at eval (eval at <anonymous> (unknown source), <anonymous>:1:21)
    at <anonymous>:0:61", source: http://127.0.0.1:54321/_DRIVE_C_EVIRD_/Users/ltoscano/Downloads/sopa_letras-actividad/edge_includes/an.canvas.overlay.min.js (48)
[0810/162935:INFO:CONSOLE(48)] "TypeError: Cannot read property 'style' of undefined
    at Object.EdgeDOM.updateOverlay (http://127.0.0.1:54321/_DRIVE_C_EVIRD_/Users/ltoscano/Downloads/sopa_letras-actividad/edge_includes/an.canvas.overlay.min.js:38:233)
    at Object.EdgeDOM.setInteractiveCookie (http://127.0.0.1:54321/_DRIVE_C_EVIRD_/Users/ltoscano/Downloads/sopa_letras-actividad/edge_includes/an.canvas.overlay.min.js:25:302)
    at eval (eval at <anonymous> (unknown source), <anonymous>:1:21)
    at <anonymous>:0:61", source: http://127.0.0.1:54321/_DRIVE_C_EVIRD_/Users/ltoscano/Downloads/sopa_letras-actividad/edge_includes/an.canvas.overlay.min.js (48)
[0810/162935:INFO:CONSOLE(48)] "TypeError: Cannot read property 'style' of undefined
    at Object.EdgeDOM.updateOverlay (http://127.0.0.1:54321/_DRIVE_C_EVIRD_/Users/ltoscano/Downloads/sopa_letras-actividad/edge_includes/an.canvas.overlay.min.js:38:233)
    at Object.EdgeDOM.setInteractiveCookie (http://127.0.0.1:54321/_DRIVE_C_EVIRD_/Users/ltoscano/Downloads/sopa_letras-actividad/edge_includes/an.canvas.overlay.min.js:25:302)
    at eval (eval at <anonymous> (unknown source), <anonymous>:1:21)
    at <anonymous>:0:61", source: http://127.0.0.1:54321/_DRIVE_C_EVIRD_/Users/ltoscano/Downloads/sopa_letras-actividad/edge_includes/an.canvas.overlay.min.js (48)
[0810/162935:INFO:CONSOLE(48)] "TypeError: Cannot read property 'style' of undefined
    at Object.EdgeDOM.updateOverlay (http://127.0.0.1:54321/_DRIVE_C_EVIRD_/Users/ltoscano/Downloads/sopa_letras-actividad/edge_includes/an.canvas.overlay.min.js:38:233)
    at Object.EdgeDOM.setInteractiveCookie (http://127.0.0.1:54321/_DRIVE_C_EVIRD_/Users/ltoscano/Downloads/sopa_letras-actividad/edge_includes/an.canvas.overlay.min.js:25:302)
    at eval (eval at <anonymous> (unknown source), <anonymous>:1:21)
    at <anonymous>:0:61", source: http://127.0.0.1:54321/_DRIVE_C_EVIRD_/Users/ltoscano/Downloads/sopa_letras-actividad/edge_includes/an.canvas.overlay.min.js (48)
[0810/162935:INFO:CONSOLE(48)] "TypeError: Cannot read property 'style' of undefined
    at Object.EdgeDOM.updateOverlay (http://127.0.0.1:54321/_DRIVE_C_EVIRD_/Users/ltoscano/Downloads/sopa_letras-actividad/edge_includes/an.canvas.overlay.min.js:38:233)
    at Object.EdgeDOM.setInteractiveCookie (http://127.0.0.1:54321/_DRIVE_C_EVIRD_/Users/ltoscano/Downloads/sopa_letras-actividad/edge_includes/an.canvas.overlay.min.js:25:302)
    at eval (eval at <anonymous> (unknown source), <anonymous>:1:21)
    at <anonymous>:0:61", source: http://127.0.0.1:54321/_DRIVE_C_EVIRD_/Users/ltoscano/Downloads/sopa_letras-actividad/edge_includes/an.canvas.overlay.min.js (48)
[0810/162935:INFO:CONSOLE(48)] "TypeError: Cannot read property 'style' of undefined
    at Object.EdgeDOM.updateOverlay (http://127.0.0.1:54321/_DRIVE_C_EVIRD_/Users/ltoscano/Downloads/sopa_letras-actividad/edge_includes/an.canvas.overlay.min.js:38:233)
    at Object.EdgeDOM.setInteractiveCookie (http://127.0.0.1:54321/_DRIVE_C_EVIRD_/Users/ltoscano/Downloads/sopa_letras-actividad/edge_includes/an.canvas.overlay.min.js:25:302)
    at eval (eval at <anonymous> (unknown source), <anonymous>:1:21)
    at <anonymous>:0:61", source: http://127.0.0.1:54321/_DRIVE_C_EVIRD_/Users/ltoscano/Downloads/sopa_letras-actividad/edge_includes/an.canvas.overlay.min.js (48)
[0810/162935:INFO:CONSOLE(48)] "TypeError: Cannot read property 'style' of undefined
    at Object.EdgeDOM.updateOverlay (http://127.0.0.1:54321/_DRIVE_C_EVIRD_/Users/ltoscano/Downloads/sopa_letras-actividad/edge_includes/an.canvas.overlay.min.js:38:233)
    at Object.EdgeDOM.setInteractiveCookie (http://127.0.0.1:54321/_DRIVE_C_EVIRD_/Users/ltoscano/Downloads/sopa_letras-actividad/edge_includes/an.canvas.overlay.min.js:25:302)
    at eval (eval at <anonymous> (unknown source), <anonymous>:1:21)
    at <anonymous>:0:61", source: http://127.0.0.1:54321/_DRIVE_C_EVIRD_/Users/ltoscano/Downloads/sopa_letras-actividad/edge_includes/an.canvas.overlay.min.js (48)
[0810/162935:INFO:CONSOLE(48)] "TypeError: Cannot read property 'style' of undefined
    at Object.EdgeDOM.updateOverlay (http://127.0.0.1:54321/_DRIVE_C_EVIRD_/Users/ltoscano/Downloads/sopa_letras-actividad/edge_includes/an.canvas.overlay.min.js:38:233)
    at Object.EdgeDOM.setInteractiveCookie (http://127.0.0.1:54321/_DRIVE_C_EVIRD_/Users/ltoscano/Downloads/sopa_letras-actividad/edge_includes/an.canvas.overlay.min.js:25:302)
    at eval (eval at <anonymous> (unknown source), <anonymous>:1:21)
    at <anonymous>:0:61", source: http://127.0.0.1:54321/_DRIVE_C_EVIRD_/Users/ltoscano/Downloads/sopa_letras-actividad/edge_includes/an.canvas.overlay.min.js (48)
[0810/162936:INFO:CONSOLE(48)] "TypeError: Cannot read property 'style' of undefined
    at Object.EdgeDOM.updateOverlay (http://127.0.0.1:54321/_DRIVE_C_EVIRD_/Users/ltoscano/Downloads/sopa_letras-actividad/edge_includes/an.canvas.overlay.min.js:38:233)
    at Object.EdgeDOM.setInteractiveCookie (http://127.0.0.1:54321/_DRIVE_C_EVIRD_/Users/ltoscano/Downloads/sopa_letras-actividad/edge_includes/an.canvas.overlay.min.js:25:302)
    at eval (eval at <anonymous> (unknown source), <anonymous>:1:21)
    at <anonymous>:0:61", source: http://127.0.0.1:54321/_DRIVE_C_EVIRD_/Users/ltoscano/Downloads/sopa_letras-actividad/edge_includes/an.canvas.overlay.min.js (48)
[0810/162936:INFO:CONSOLE(48)] "TypeError: Cannot read property 'style' of undefined
    at Object.EdgeDOM.updateOverlay (http://127.0.0.1:54321/_DRIVE_C_EVIRD_/Users/ltoscano/Downloads/sopa_letras-actividad/edge_includes/an.canvas.overlay.min.js:38:233)
    at Object.EdgeDOM.setInteractiveCookie (http://127.0.0.1:54321/_DRIVE_C_EVIRD_/Users/ltoscano/Downloads/sopa_letras-actividad/edge_includes/an.canvas.overlay.min.js:25:302)
    at eval (eval at <anonymous> (unknown source), <anonymous>:1:21)
    at <anonymous>:0:61", source: http://127.0.0.1:54321/_DRIVE_C_EVIRD_/Users/ltoscano/Downloads/sopa_letras-actividad/edge_includes/an.canvas.overlay.min.js (48)
[0810/162936:INFO:CONSOLE(48)] "TypeError: Cannot read property 'style' of undefined
    at Object.EdgeDOM.updateOverlay (http://127.0.0.1:54321/_DRIVE_C_EVIRD_/Users/ltoscano/Downloads/sopa_letras-actividad/edge_includes/an.canvas.overlay.min.js:38:233)
    at Object.EdgeDOM.setInteractiveCookie (http://127.0.0.1:54321/_DRIVE_C_EVIRD_/Users/ltoscano/Downloads/sopa_letras-actividad/edge_includes/an.canvas.overlay.min.js:25:302)
    at eval (eval at <anonymous> (unknown source), <anonymous>:1:21)
    at <anonymous>:0:61", source: http://127.0.0.1:54321/_DRIVE_C_EVIRD_/Users/ltoscano/Downloads/sopa_letras-actividad/edge_includes/an.canvas.overlay.min.js (48)
[0810/162936:INFO:CONSOLE(48)] "TypeError: Cannot read property 'style' of undefined
    at Object.EdgeDOM.updateOverlay (http://127.0.0.1:54321/_DRIVE_C_EVIRD_/Users/ltoscano/Downloads/sopa_letras-actividad/edge_includes/an.canvas.overlay.min.js:38:233)
    at Object.EdgeDOM.setInteractiveCookie (http://127.0.0.1:54321/_DRIVE_C_EVIRD_/Users/ltoscano/Downloads/sopa_letras-actividad/edge_includes/an.canvas.overlay.min.js:25:302)
    at eval (eval at <anonymous> (unknown source), <anonymous>:1:21)
    at <anonymous>:0:61", source: http://127.0.0.1:54321/_DRIVE_C_EVIRD_/Users/ltoscano/Downloads/sopa_letras-actividad/edge_includes/an.canvas.overlay.min.js (48)
[0810/162955:INFO:CONSOLE(1)] "TypeError: Cannot set property 'an_ui_visibility' of undefined
    at Function.d.data (http://127.0.0.1:54321/_DRIVE_C_EVIRD_/Users/ltoscano/Downloads/sopa_letras-actividad/edge_includes/edge.6.0.0.min.js:74:288)
    at eval (eval at <anonymous> (unknown source), <anonymous>:1:27)
    at <anonymous>:0:61", source:  (1)
[0810/163015:INFO:CONSOLE(1)] "TypeError: Cannot set property 'an_originalId' of undefined
    at Function.d.data (http://127.0.0.1:54321/_DRIVE_C_EVIRD_/Users/ltoscano/Downloads/sopa_letras-actividad/edge_includes/edge.6.0.0.min.js:74:288)
    at eval (eval at <anonymous> (unknown source), <anonymous>:1:25)
    at <anonymous>:0:61", source:  (1)
[0810/163015:INFO:CONSOLE(1)] "TypeError: Cannot set property 'an_originalId' of undefined
    at Function.d.data (http://127.0.0.1:54321/_DRIVE_C_EVIRD_/Users/ltoscano/Downloads/sopa_letras-actividad/edge_includes/edge.6.0.0.min.js:74:288)
    at eval (eval at <anonymous> (unknown source), <anonymous>:1:25)
    at <anonymous>:0:61", source:  (1)
[0810/163059:INFO:dhcp_proxy_script_adapter_fetcher_win.cc(264)] Error fetching PAC URL from DHCP: 2
[0810/163059:INFO:dhcp_proxy_script_adapter_fetcher_win.cc(264)] Error fetching PAC URL from DHCP: 2
[0810/163144:INFO:CONSOLE(48)] "TypeError: Cannot read property 'style' of undefined
    at Object.EdgeDOM.updateOverlay (http://127.0.0.1:54321/_DRIVE_C_EVIRD_/Users/ltoscano/Downloads/sopa_letras-actividad/edge_includes/an.canvas.overlay.min.js:38:233)
    at Object.d.seekInTool (http://127.0.0.1:54321/_DRIVE_C_EVIRD_/Users/ltoscano/Downloads/sopa_letras-actividad/edge_includes/edge.authoring.6.0.0.min.js:74:302)
    at eval (eval at <anonymous> (unknown source), <anonymous>:1:23)
    at <anonymous>:0:61", source: http://127.0.0.1:54321/_DRIVE_C_EVIRD_/Users/ltoscano/Downloads/sopa_letras-actividad/edge_includes/an.canvas.overlay.min.js (48)
[0810/163144:INFO:CONSOLE(48)] "TypeError: Cannot read property 'style' of undefined
    at Object.EdgeDOM.updateOverlay (http://127.0.0.1:54321/_DRIVE_C_EVIRD_/Users/ltoscano/Downloads/sopa_letras-actividad/edge_includes/an.canvas.overlay.min.js:38:233)
    at Object.d.seekInTool (http://127.0.0.1:54321/_DRIVE_C_EVIRD_/Users/ltoscano/Downloads/sopa_letras-actividad/edge_includes/edge.authoring.6.0.0.min.js:74:302)
    at eval (eval at <anonymous> (unknown source), <anonymous>:1:23)
    at <anonymous>:0:61", source: http://127.0.0.1:54321/_DRIVE_C_EVIRD_/Users/ltoscano/Downloads/sopa_letras-actividad/edge_includes/an.canvas.overlay.min.js (48)
